2018-09-13 16:46:19,167 -INFO - *****正在启动设备*****
2018-09-13 16:46:27,764 -INFO - *****设备已经启动*****
2018-09-13 16:46:35,765 -INFO - *****等待启动页加载*****
2018-09-13 16:46:35,766 -INFO - ******初始化driver******
2018-09-13 16:46:35,767 -INFO - 开始查找 id 元素 com.carsland.asd:id/before_phone
2018-09-13 16:46:38,012 -INFO - 找到了 id 元素 com.carsland.asd:id/before_phone
2018-09-13 16:46:38,357 -INFO - ******初始化driver******
2018-09-13 16:46:38,358 -INFO - ******初始化driver******
2018-09-13 16:46:38,358 -INFO - *****测试结束*****
2018-09-13 16:46:38,359 -INFO - *****正在启动设备*****
2018-09-13 16:46:48,497 -INFO - *****设备已经启动*****
2018-09-13 16:46:56,498 -INFO - *****等待启动页加载*****
2018-09-13 16:46:56,498 -INFO - ******初始化driver******
2018-09-13 16:46:56,499 -INFO - 开始查找 id 元素 com.carsland.asd:id/before_phone
2018-09-13 16:46:57,804 -INFO - 找到了 id 元素 com.carsland.asd:id/before_phone
2018-09-13 16:46:58,140 -INFO - ******初始化driver******
2018-09-13 16:46:58,140 -INFO - 开始查找 id 元素 com.carsland.asd:id/login_phone
2018-09-13 16:46:58,696 -INFO - 找到了 id 元素 com.carsland.asd:id/login_phone
2018-09-13 16:47:03,719 -INFO - 开始查找 id 元素 com.carsland.asd:id/login_password
2018-09-13 16:47:04,267 -INFO - 找到了 id 元素 com.carsland.asd:id/login_password
2018-09-13 16:47:09,125 -INFO - 开始查找 id 元素 com.carsland.asd:id/login
2018-09-13 16:47:09,842 -INFO - 找到了 id 元素 com.carsland.asd:id/login
2018-09-13 16:47:12,136 -INFO - ******初始化driver******
2018-09-13 16:47:12,136 -INFO - *****测试结束*****
